<?xml version="1.0" encoding="UTF-8" standalone="no"?>
<!DOCTYPE log SYSTEM "logger.dtd">
<log>
<record>
  <date>2018-12-17T16:11:50</date>
  <millis>1545059510647</millis>
  <sequence>0</sequence>
  <level>START</level>
  <class>com.kms.katalon.core.logging.XmlKeywordLogger</class>
  <method>startSuite</method>
  <thread>1</thread>
  <message>Start Test Suite : Test Suites/loginFallido</message>
  <nestedLevel>0</nestedLevel>
  <property name="name">loginFallido</property>
  <property name="description"></property>
  <property name="id">Test Suites/loginFallido</property>
</record>
<record>
  <date>2018-12-17T16:11:50</date>
  <millis>1545059510659</millis>
  <sequence>1</sequence>
  <level>RUN_DATA</level>
  <class>com.kms.katalon.core.logging.XmlKeywordLogger</class>
  <method>logMessage</method>
  <thread>1</thread>
  <message>hostName = miguel.negrillo - DESA29.grupoonetec.local</message>
  <nestedLevel>0</nestedLevel>
  <property name="hostName">miguel.negrillo - DESA29.grupoonetec.local</property>
</record>
<record>
  <date>2018-12-17T16:11:50</date>
  <millis>1545059510666</millis>
  <sequence>2</sequence>
  <level>RUN_DATA</level>
  <class>com.kms.katalon.core.logging.XmlKeywordLogger</class>
  <method>logMessage</method>
  <thread>1</thread>
  <message>os = Windows 10 64bit</message>
  <nestedLevel>0</nestedLevel>
  <property name="os">Windows 10 64bit</property>
</record>
<record>
  <date>2018-12-17T16:11:50</date>
  <millis>1545059510670</millis>
  <sequence>3</sequence>
  <level>RUN_DATA</level>
  <class>com.kms.katalon.core.logging.XmlKeywordLogger</class>
  <method>logMessage</method>
  <thread>1</thread>
  <message>hostAddress = 10.0.190.71</message>
  <nestedLevel>0</nestedLevel>
  <property name="hostAddress">10.0.190.71</property>
</record>
<record>
  <date>2018-12-17T16:11:50</date>
  <millis>1545059510671</millis>
  <sequence>4</sequence>
  <level>RUN_DATA</level>
  <class>com.kms.katalon.core.logging.XmlKeywordLogger</class>
  <method>logMessage</method>
  <thread>1</thread>
  <message>katalonVersion = 5.9.1.2</message>
  <nestedLevel>0</nestedLevel>
  <property name="katalonVersion">5.9.1.2</property>
</record>
<record>
  <date>2018-12-17T16:11:50</date>
  <millis>1545059510822</millis>
  <sequence>5</sequence>
  <level>START</level>
  <class>com.kms.katalon.core.logging.XmlKeywordLogger</class>
  <method>startTest</method>
  <thread>1</thread>
  <message>Start Test Case : Test Cases/Twitter</message>
  <nestedLevel>1</nestedLevel>
  <property name="name">Test Cases/Twitter</property>
  <property name="description"></property>
  <property name="id">Test Cases/Twitter</property>
  <property name="source">C:\\Users\\miguel.negrillo\\Katalon Studio\\loginFallido\\Test Cases\\Twitter.tc</property>
  <property name="isOptional">false</property>
</record>
<record>
  <date>2018-12-17T16:11:51</date>
  <millis>1545059511058</millis>
  <sequence>7</sequence>
  <level>START</level>
  <class>com.kms.katalon.core.logging.XmlKeywordLogger</class>
  <method>startKeyword</method>
  <thread>1</thread>
  <message>Start action : openBrowser(\&amp;quot;\&amp;quot;)</message>
  <nestedLevel>1</nestedLevel>
  <property name="startLine">19</property>
  <property name="stepIndex">1</property>
</record>
